<?xml version="1.0" encoding="UTF-8"?>
<testng-results skipped="0" failed="0" ignored="0" total="1" passed="1">
  <reporter-output>
  </reporter-output>
  <suite name="Suite" duration-ms="6212" started-at="2020-08-07T20:52:42Z" finished-at="2020-08-07T20:52:48Z">
    <groups>
    </groups>
    <test name="Test" duration-ms="6212" started-at="2020-08-07T20:52:42Z" finished-at="2020-08-07T20:52:48Z">
      <class name="mainTests.addItemToBasketTest">
        <test-method status="PASS" signature="basePageNavigation()[pri:0, instance:mainTests.addItemToBasketTest@28c4711c]" name="basePageNavigation" duration-ms="6194" started-at="2020-08-07T20:52:42Z" finished-at="2020-08-07T20:52:48Z">
          <reporter-output>
          </reporter-output>
        </test-method> <!-- basePageNavigation -->
      </class> <!-- mainTests.addItemToBasketTest -->
    </test> <!-- Test -->
  </suite> <!-- Suite -->
</testng-results>
