<?xml version="1.0" encoding="UTF-8"?>
<testng-results ignored="0" total="1" passed="1" failed="0" skipped="0">
  <reporter-output>
  </reporter-output>
  <suite started-at="2020-08-21T16:50:10Z" name="Default suite" finished-at="2020-08-21T16:50:41Z" duration-ms="31313">
    <groups>
    </groups>
    <test started-at="2020-08-21T16:50:10Z" name="Default test" finished-at="2020-08-21T16:50:41Z" duration-ms="31313">
      <class name="mainTests.LaptopBooking">
        <test-method signature="checkLaptopBookingProcess()[pri:0, instance:mainTests.LaptopBooking@7f9fcf7f]" started-at="2020-08-21T16:50:10Z" name="checkLaptopBookingProcess" finished-at="2020-08-21T16:50:41Z" duration-ms="31293" status="PASS">
          <reporter-output>
          </reporter-output>
        </test-method> <!-- checkLaptopBookingProcess -->
      </class> <!-- mainTests.LaptopBooking -->
    </test> <!-- Default test -->
  </suite> <!-- Default suite -->
</testng-results>
