<?xml version="1.0" encoding="UTF-8"?>
<testng-results ignored="0" total="1" passed="1" failed="0" skipped="0">
  <reporter-output>
  </reporter-output>
  <suite started-at="2020-09-13T17:21:17Z" name="Default suite" finished-at="2020-09-13T17:21:21Z" duration-ms="3875">
    <groups>
    </groups>
    <test started-at="2020-09-13T17:21:17Z" name="Default test" finished-at="2020-09-13T17:21:21Z" duration-ms="3875">
      <class name="mainTests.sampleTest">
        <test-method signature="calendarCheck()[pri:0, instance:mainTests.sampleTest@7f9fcf7f]" started-at="2020-09-13T17:21:17Z" name="calendarCheck" finished-at="2020-09-13T17:21:21Z" duration-ms="3852" status="PASS">
          <reporter-output>
          </reporter-output>
        </test-method> <!-- calendarCheck -->
      </class> <!-- mainTests.sampleTest -->
    </test> <!-- Default test -->
  </suite> <!-- Default suite -->
</testng-results>
